{
 "configs": [
  {
   "@type": "type.googleapis.com/envoy.admin.v2alpha.BootstrapConfigDump",
   "bootstrap": {
    "node": {
     "id": "gateway-proxy-v2-4kvhd.heptio-contour",
     "cluster": "gateway",
     "metadata": {
      "role": "heptio-contour~gateway-proxy-v2"
     },
     "build_version": "700ae7ea60fc5cfa8aea3feb7387015230773ab7/1.12.0-dev/Distribution/RELEASE/BoringSSL"
    },
    "static_resources": {
     "listeners": [
      {
       "name": "prometheus_listener",
       "address": {
        "socket_address": {
         "address": "0.0.0.0",
         "port_value": 8081
        }
       },
       "filter_chains": [
        {
         "filters": [
          {
           "name": "envoy.http_connection_manager",
           "config": {
            "codec_type": "auto",
            "http_filters": [
             {
              "name": "envoy.router",
              "config": {}
             }
            ],
            "stat_prefix": "prometheus",
            "route_config": {
             "virtual_hosts": [
              {
               "routes": [
                {
                 "match": {
                  "headers": [
                   {
                    "name": ":method",
                    "exact_match": "GET"
                   }
                  ],
                  "path": "/ready"
                 },
                 "route": {
                  "cluster": "admin_port_cluster"
                 }
                },
                {
                 "route": {
                  "prefix_rewrite": "/stats/prometheus",
                  "cluster": "admin_port_cluster"
                 },
                 "match": {
                  "headers": [
                   {
                    "name": ":method",
                    "exact_match": "GET"
                   }
                  ],
                  "prefix": "/metrics"
                 }
                }
               ],
               "domains": [
                "*"
               ],
               "name": "prometheus_host"
              }
             ],
             "name": "prometheus_route"
            }
           }
          }
         ]
        }
       ]
      }
     ],
     "clusters": [
      {
       "name": "gloo.heptio-contour.svc.cluster.local:9977",
       "type": "STRICT_DNS",
       "connect_timeout": "5s",
       "http2_protocol_options": {},
       "alt_stat_name": "xds_cluster",
       "upstream_connection_options": {
        "tcp_keepalive": {}
       },
       "load_assignment": {
        "cluster_name": "gloo.heptio-contour.svc.cluster.local:9977",
        "endpoints": [
         {
          "lb_endpoints": [
           {
            "endpoint": {
             "address": {
              "socket_address": {
               "address": "gloo.heptio-contour.svc.cluster.local",
               "port_value": 9977
              }
             }
            }
           }
          ]
         }
        ]
       },
       "respect_dns_ttl": true
      },
      {
       "name": "admin_port_cluster",
       "type": "STATIC",
       "connect_timeout": "5s",
       "load_assignment": {
        "cluster_name": "admin_port_cluster",
        "endpoints": [
         {
          "lb_endpoints": [
           {
            "endpoint": {
             "address": {
              "socket_address": {
               "address": "127.0.0.1",
               "port_value": 19000
              }
             }
            }
           }
          ]
         }
        ]
       }
      }
     ]
    },
    "dynamic_resources": {
     "lds_config": {
      "ads": {}
     },
     "cds_config": {
      "ads": {}
     },
     "ads_config": {
      "api_type": "GRPC",
      "grpc_services": [
       {
        "envoy_grpc": {
         "cluster_name": "gloo.heptio-contour.svc.cluster.local:9977"
        }
       }
      ],
      "rate_limit_settings": {}
     }
    },
    "admin": {
     "access_log_path": "/dev/null",
     "address": {
      "socket_address": {
       "address": "127.0.0.1",
       "port_value": 19000
      }
     }
    }
   },
   "last_updated": "2019-10-16T15:24:41.202Z"
  },
  {
   "@type": "type.googleapis.com/envoy.admin.v2alpha.ClustersConfigDump",
   "version_info": "1314565237552586907",
   "static_clusters": [
    {
     "cluster": {
      "name": "admin_port_cluster",
      "type": "STATIC",
      "connect_timeout": "5s",
      "load_assignment": {
       "cluster_name": "admin_port_cluster",
       "endpoints": [
        {
         "lb_endpoints": [
          {
           "endpoint": {
            "address": {
             "socket_address": {
              "address": "127.0.0.1",
              "port_value": 19000
             }
            }
           }
          }
         ]
        }
       ]
      }
     },
     "last_updated": "2019-10-16T15:24:41.237Z"
    },
    {
     "cluster": {
      "name": "gloo.heptio-contour.svc.cluster.local:9977",
      "type": "STRICT_DNS",
      "connect_timeout": "5s",
      "http2_protocol_options": {},
      "alt_stat_name": "xds_cluster",
      "upstream_connection_options": {
       "tcp_keepalive": {}
      },
      "load_assignment": {
       "cluster_name": "gloo.heptio-contour.svc.cluster.local:9977",
       "endpoints": [
        {
         "lb_endpoints": [
          {
           "endpoint": {
            "address": {
             "socket_address": {
              "address": "gloo.heptio-contour.svc.cluster.local",
              "port_value": 9977
             }
            }
           }
          }
         ]
        }
       ]
      },
      "respect_dns_ttl": true
     },
     "last_updated": "2019-10-16T15:24:41.237Z"
    }
   ],
   "dynamic_active_clusters": [
    {
     "version_info": "3744764962784351766",
     "cluster": {
      "name": "canary-canary-80_heptio-contour",
      "type": "EDS",
      "eds_cluster_config": {
       "eds_config": {
        "ads": {}
       }
      },
      "connect_timeout": "5s",
      "metadata": {}
     },
     "last_updated": "2019-10-16T15:30:19.679Z"
    },
    {
     "version_info": "3744764962784351766",
     "cluster": {
      "name": "default-kubernetes-443_heptio-contour",
      "type": "EDS",
      "eds_cluster_config": {
       "eds_config": {
        "ads": {}
       }
      },
      "connect_timeout": "5s",
      "metadata": {}
     },
     "last_updated": "2019-10-16T15:30:19.655Z"
    },
    {
     "version_info": "3744764962784351766",
     "cluster": {
      "name": "heptio-contour-contour-corp-envoy-metrics-svc-8524_heptio-contour",
      "type": "EDS",
      "eds_cluster_config": {
       "eds_config": {
        "ads": {}
       }
      },
      "connect_timeout": "5s",
      "metadata": {}
     },
     "last_updated": "2019-10-16T15:30:19.627Z"
    },
    {
     "version_info": "3744764962784351766",
     "cluster": {
      "name": "heptio-contour-contour-internal-envoy-metrics-svc-8544_heptio-contour",
      "type": "EDS",
      "eds_cluster_config": {
       "eds_config": {
        "ads": {}
       }
      },
      "connect_timeout": "5s",
      "metadata": {}
     },
     "last_updated": "2019-10-16T15:30:19.667Z"
    },
    {
     "version_info": "3744764962784351766",
     "cluster": {
      "name": "heptio-contour-contour-public-envoy-metrics-svc-8504_heptio-contour",
      "type": "EDS",
      "eds_cluster_config": {
       "eds_config": {
        "ads": {}
       }
      },
      "connect_timeout": "5s",
      "metadata": {}
     },
     "last_updated": "2019-10-16T15:30:19.643Z"
    },
    {
     "version_info": "3744764962784351766",
     "cluster": {
      "name": "heptio-contour-gateway-proxy-v2-6000_heptio-contour",
      "type": "EDS",
      "eds_cluster_config": {
       "eds_config": {
        "ads": {}
       }
      },
      "connect_timeout": "5s",
      "metadata": {}
     },
     "last_updated": "2019-10-16T15:30:19.647Z"
    },
    {
     "version_info": "3744764962784351766",
     "cluster": {
      "name": "heptio-contour-gateway-proxy-v2-6001_heptio-contour",
      "type": "EDS",
      "eds_cluster_config": {
       "eds_config": {
        "ads": {}
       }
      },
      "connect_timeout": "5s",
      "metadata": {}
     },
     "last_updated": "2019-10-16T15:30:19.662Z"
    },
    {
     "version_info": "3744764962784351766",
     "cluster": {
      "name": "heptio-contour-gateway-proxy-v2-gateway-proxy-6000_heptio-contour",
      "type": "EDS",
      "eds_cluster_config": {
       "eds_config": {
        "ads": {}
       }
      },
      "connect_timeout": "5s",
      "metadata": {}
     },
     "last_updated": "2019-10-16T15:30:19.696Z"
    },
    {
     "version_info": "3744764962784351766",
     "cluster": {
      "name": "heptio-contour-gateway-proxy-v2-gateway-proxy-6001_heptio-contour",
      "type": "EDS",
      "eds_cluster_config": {
       "eds_config": {
        "ads": {}
       }
      },
      "connect_timeout": "5s",
      "metadata": {}
     },
     "last_updated": "2019-10-16T15:30:19.671Z"
    },
    {
     "version_info": "3744764962784351766",
     "cluster": {
      "name": "heptio-contour-gloo-9977_heptio-contour",
      "type": "EDS",
      "eds_cluster_config": {
       "eds_config": {
        "ads": {}
       }
      },
      "connect_timeout": "5s",
      "http2_protocol_options": {},
      "metadata": {}
     },
     "last_updated": "2019-10-16T15:30:19.631Z"
    },
    {
     "version_info": "6628392167814984373",
     "cluster": {
      "name": "hw-hw-3000_heptio-contour",
      "type": "EDS",
      "eds_cluster_config": {
       "eds_config": {
        "ads": {}
       }
      },
      "connect_timeout": "5s",
      "lb_policy": "MAGLEV",
      "health_checks": [
       {
        "timeout": "1s",
        "interval": "5s",
        "unhealthy_threshold": 3,
        "healthy_threshold": 1,
        "http_health_check": {
         "path": "/health"
        },
        "unhealthy_interval": "5s"
       }
      ],
      "http2_protocol_options": {},
      "metadata": {}
     },
     "last_updated": "2019-10-18T04:24:01.538Z"
    },
    {
     "version_info": "1314565237552586907",
     "cluster": {
      "name": "hw-hw2-3000_heptio-contour",
      "type": "EDS",
      "eds_cluster_config": {
       "eds_config": {
        "ads": {}
       }
      },
      "connect_timeout": "5s",
      "metadata": {}
     },
     "last_updated": "2019-10-18T04:59:37.637Z"
    },
    {
     "version_info": "3744764962784351766",
     "cluster": {
      "name": "kube-svc:canary-canary-80_canary",
      "type": "EDS",
      "eds_cluster_config": {
       "eds_config": {
        "ads": {}
       }
      },
      "connect_timeout": "5s",
      "metadata": {}
     },
     "last_updated": "2019-10-16T15:30:19.681Z"
    },
    {
     "version_info": "3744764962784351766",
     "cluster": {
      "name": "kube-svc:default-kubernetes-443_default",
      "type": "EDS",
      "eds_cluster_config": {
       "eds_config": {
        "ads": {}
       }
      },
      "connect_timeout": "5s",
      "metadata": {}
     },
     "last_updated": "2019-10-16T15:30:19.687Z"
    },
    {
     "version_info": "3744764962784351766",
     "cluster": {
      "name": "kube-svc:heptio-contour-contour-corp-envoy-metrics-svc-8524_heptio-contour",
      "type": "EDS",
      "eds_cluster_config": {
       "eds_config": {
        "ads": {}
       }
      },
      "connect_timeout": "5s",
      "metadata": {}
     },
     "last_updated": "2019-10-16T15:30:19.685Z"
    },
    {
     "version_info": "3744764962784351766",
     "cluster": {
      "name": "kube-svc:heptio-contour-contour-internal-envoy-metrics-svc-8544_heptio-contour",
      "type": "EDS",
      "eds_cluster_config": {
       "eds_config": {
        "ads": {}
       }
      },
      "connect_timeout": "5s",
      "metadata": {}
     },
     "last_updated": "2019-10-16T15:30:19.645Z"
    },
    {
     "version_info": "3744764962784351766",
     "cluster": {
      "name": "kube-svc:heptio-contour-contour-public-envoy-metrics-svc-8504_heptio-contour",
      "type": "EDS",
      "eds_cluster_config": {
       "eds_config": {
        "ads": {}
       }
      },
      "connect_timeout": "5s",
      "metadata": {}
     },
     "last_updated": "2019-10-16T15:30:19.658Z"
    },
    {
     "version_info": "3744764962784351766",
     "cluster": {
      "name": "kube-svc:heptio-contour-gateway-proxy-v2-6000_heptio-contour",
      "type": "EDS",
      "eds_cluster_config": {
       "eds_config": {
        "ads": {}
       }
      },
      "connect_timeout": "5s",
      "metadata": {}
     },
     "last_updated": "2019-10-16T15:30:19.686Z"
    },
    {
     "version_info": "3744764962784351766",
     "cluster": {
      "name": "kube-svc:heptio-contour-gateway-proxy-v2-6001_heptio-contour",
      "type": "EDS",
      "eds_cluster_config": {
       "eds_config": {
        "ads": {}
       }
      },
      "connect_timeout": "5s",
      "metadata": {}
     },
     "last_updated": "2019-10-16T15:30:19.689Z"
    },
    {
     "version_info": "3744764962784351766",
     "cluster": {
      "name": "kube-svc:heptio-contour-gloo-9977_heptio-contour",
      "type": "EDS",
      "eds_cluster_config": {
       "eds_config": {
        "ads": {}
       }
      },
      "connect_timeout": "5s",
      "http2_protocol_options": {},
      "metadata": {}
     },
     "last_updated": "2019-10-16T15:30:19.635Z"
    },
    {
     "version_info": "3744764962784351766",
     "cluster": {
      "name": "kube-svc:hw-hw-3000_hw",
      "type": "EDS",
      "eds_cluster_config": {
       "eds_config": {
        "ads": {}
       }
      },
      "connect_timeout": "5s",
      "metadata": {}
     },
     "last_updated": "2019-10-16T15:30:19.652Z"
    },
    {
     "version_info": "1314565237552586907",
     "cluster": {
      "name": "kube-svc:hw-hw2-3000_hw",
      "type": "EDS",
      "eds_cluster_config": {
       "eds_config": {
        "ads": {}
       }
      },
      "connect_timeout": "5s",
      "metadata": {}
     },
     "last_updated": "2019-10-18T04:59:37.637Z"
    },
    {
     "version_info": "3744764962784351766",
     "cluster": {
      "name": "kube-svc:kube-system-cilium-metrics-svc-9090_kube-system",
      "type": "EDS",
      "eds_cluster_config": {
       "eds_config": {
        "ads": {}
       }
      },
      "connect_timeout": "5s",
      "metadata": {}
     },
     "last_updated": "2019-10-16T15:30:19.666Z"
    },
    {
     "version_info": "3744764962784351766",
     "cluster": {
      "name": "kube-svc:kube-system-cluster-autoscaler-metrics-svc-8085_kube-system",
      "type": "EDS",
      "eds_cluster_config": {
       "eds_config": {
        "ads": {}
       }
      },
      "connect_timeout": "5s",
      "metadata": {}
     },
     "last_updated": "2019-10-16T15:30:19.658Z"
    },
    {
     "version_info": "3744764962784351766",
     "cluster": {
      "name": "kube-svc:kube-system-dashboard-proxy-80_kube-system",
      "type": "EDS",
      "eds_cluster_config": {
       "eds_config": {
        "ads": {}
       }
      },
      "connect_timeout": "5s",
      "metadata": {}
     },
     "last_updated": "2019-10-16T15:30:19.692Z"
    },
    {
     "version_info": "3744764962784351766",
     "cluster": {
      "name": "kube-svc:kube-system-etcd-2379_kube-system",
      "type": "EDS",
      "eds_cluster_config": {
       "eds_config": {
        "ads": {}
       }
      },
      "connect_timeout": "5s",
      "metadata": {}
     },
     "last_updated": "2019-10-16T15:30:19.640Z"
    },
    {
     "version_info": "3744764962784351766",
     "cluster": {
      "name": "kube-svc:kube-system-fluent-bit-audit-2020_kube-system",
      "type": "EDS",
      "eds_cluster_config": {
       "eds_config": {
        "ads": {}
       }
      },
      "connect_timeout": "5s",
      "metadata": {}
     },
     "last_updated": "2019-10-16T15:30:19.672Z"
    },
    {
     "version_info": "3744764962784351766",
     "cluster": {
      "name": "kube-svc:kube-system-kube-controller-manager-metrics-svc-10257_kube-system",
      "type": "EDS",
      "eds_cluster_config": {
       "eds_config": {
        "ads": {}
       }
      },
      "connect_timeout": "5s",
      "metadata": {}
     },
     "last_updated": "2019-10-16T15:30:19.642Z"
    },
    {
     "version_info": "3744764962784351766",
     "cluster": {
      "name": "kube-svc:kube-system-kube-dns-53_kube-system",
      "type": "EDS",
      "eds_cluster_config": {
       "eds_config": {
        "ads": {}
       }
      },
      "connect_timeout": "5s",
      "metadata": {}
     },
     "last_updated": "2019-10-16T15:30:19.695Z"
    },
    {
     "version_info": "3744764962784351766",
     "cluster": {
      "name": "kube-svc:kube-system-kube-dns-9153_kube-system",
      "type": "EDS",
      "eds_cluster_config": {
       "eds_config": {
        "ads": {}
       }
      },
      "connect_timeout": "5s",
      "metadata": {}
     },
     "last_updated": "2019-10-16T15:30:19.656Z"
    },
    {
     "version_info": "3744764962784351766",
     "cluster": {
      "name": "kube-svc:kube-system-kube-dns-metrics-svc-9153_kube-system",
      "type": "EDS",
      "eds_cluster_config": {
       "eds_config": {
        "ads": {}
       }
      },
      "connect_timeout": "5s",
      "metadata": {}
     },
     "last_updated": "2019-10-16T15:30:19.648Z"
    },
    {
     "version_info": "3744764962784351766",
     "cluster": {
      "name": "kube-svc:kube-system-kube-scheduler-metrics-svc-10259_kube-system",
      "type": "EDS",
      "eds_cluster_config": {
       "eds_config": {
        "ads": {}
       }
      },
      "connect_timeout": "5s",
      "metadata": {}
     },
     "last_updated": "2019-10-16T15:30:19.672Z"
    },
    {
     "version_info": "3744764962784351766",
     "cluster": {
      "name": "kube-svc:kube-system-kubelet-10250_kube-system",
      "type": "EDS",
      "eds_cluster_config": {
       "eds_config": {
        "ads": {}
       }
      },
      "connect_timeout": "5s",
      "metadata": {}
     },
     "last_updated": "2019-10-16T15:30:19.639Z"
    },
    {
     "version_info": "3744764962784351766",
     "cluster": {
      "name": "kube-svc:kube-system-kubernetes-dashboard-443_kube-system",
      "type": "EDS",
      "eds_cluster_config": {
       "eds_config": {
        "ads": {}
       }
      },
      "connect_timeout": "5s",
      "metadata": {}
     },
     "last_updated": "2019-10-16T15:30:19.630Z"
    },
    {
     "version_info": "3744764962784351766",
     "cluster": {
      "name": "kube-svc:kube-system-metrics-server-443_kube-system",
      "type": "EDS",
      "eds_cluster_config": {
       "eds_config": {
        "ads": {}
       }
      },
      "connect_timeout": "5s",
      "metadata": {}
     },
     "last_updated": "2019-10-16T15:30:19.666Z"
    },
    {
     "version_info": "3744764962784351766",
     "cluster": {
      "name": "kube-svc:kube-system-vpa-webhook-443_kube-system",
      "type": "EDS",
      "eds_cluster_config": {
       "eds_config": {
        "ads": {}
       }
      },
      "connect_timeout": "5s",
      "metadata": {}
     },
     "last_updated": "2019-10-16T15:30:19.654Z"
    },
    {
     "version_info": "3744764962784351766",
     "cluster": {
      "name": "kube-svc:monitoring-alertmanager-main-9093_monitoring",
      "type": "EDS",
      "eds_cluster_config": {
       "eds_config": {
        "ads": {}
       }
      },
      "connect_timeout": "5s",
      "metadata": {}
     },
     "last_updated": "2019-10-16T15:30:19.628Z"
    },
    {
     "version_info": "3744764962784351766",
     "cluster": {
      "name": "kube-svc:monitoring-alertmanager-operated-6783_monitoring",
      "type": "EDS",
      "eds_cluster_config": {
       "eds_config": {
        "ads": {}
       }
      },
      "connect_timeout": "5s",
      "metadata": {}
     },
     "last_updated": "2019-10-16T15:30:19.703Z"
    },
    {
     "version_info": "3744764962784351766",
     "cluster": {
      "name": "kube-svc:monitoring-alertmanager-operated-9093_monitoring",
      "type": "EDS",
      "eds_cluster_config": {
       "eds_config": {
        "ads": {}
       }
      },
      "connect_timeout": "5s",
      "metadata": {}
     },
     "last_updated": "2019-10-16T15:30:19.691Z"
    },
    {
     "version_info": "3744764962784351766",
     "cluster": {
      "name": "kube-svc:monitoring-alertmanager-proxy-80_monitoring",
      "type": "EDS",
      "eds_cluster_config": {
       "eds_config": {
        "ads": {}
       }
      },
      "connect_timeout": "5s",
      "metadata": {}
     },
     "last_updated": "2019-10-16T15:30:19.690Z"
    },
    {
     "version_info": "3744764962784351766",
     "cluster": {
      "name": "kube-svc:monitoring-blackbox-exporter-9115_monitoring",
      "type": "EDS",
      "eds_cluster_config": {
       "eds_config": {
        "ads": {}
       }
      },
      "connect_timeout": "5s",
      "metadata": {}
     },
     "last_updated": "2019-10-16T15:30:19.670Z"
    },
    {
     "version_info": "3744764962784351766",
     "cluster": {
      "name": "kube-svc:monitoring-cloudwatch-exporter-9106_monitoring",
      "type": "EDS",
      "eds_cluster_config": {
       "eds_config": {
        "ads": {}
       }
      },
      "connect_timeout": "5s",
      "metadata": {}
     },
     "last_updated": "2019-10-16T15:30:19.685Z"
    },
    {
     "version_info": "3744764962784351766",
     "cluster": {
      "name": "kube-svc:monitoring-goldpinger-cni-80_monitoring",
      "type": "EDS",
      "eds_cluster_config": {
       "eds_config": {
        "ads": {}
       }
      },
      "connect_timeout": "5s",
      "metadata": {}
     },
     "last_updated": "2019-10-16T15:30:19.671Z"
    },
    {
     "version_info": "3744764962784351766",
     "cluster": {
      "name": "kube-svc:monitoring-goldpinger-hostnetwork-80_monitoring",
      "type": "EDS",
      "eds_cluster_config": {
       "eds_config": {
        "ads": {}
       }
      },
      "connect_timeout": "5s",
      "metadata": {}
     },
     "last_updated": "2019-10-16T15:30:19.675Z"
    },
    {
     "version_info": "3744764962784351766",
     "cluster": {
      "name": "kube-svc:monitoring-grafana-3000_monitoring",
      "type": "EDS",
      "eds_cluster_config": {
       "eds_config": {
        "ads": {}
       }
      },
      "connect_timeout": "5s",
      "metadata": {}
     },
     "last_updated": "2019-10-16T15:30:19.659Z"
    },
    {
     "version_info": "3744764962784351766",
     "cluster": {
      "name": "kube-svc:monitoring-grafana-proxy-80_monitoring",
      "type": "EDS",
      "eds_cluster_config": {
       "eds_config": {
        "ads": {}
       }
      },
      "connect_timeout": "5s",
      "metadata": {}
     },
     "last_updated": "2019-10-16T15:30:19.639Z"
    },
    {
     "version_info": "3744764962784351766",
     "cluster": {
      "name": "kube-svc:monitoring-kube-state-metrics-8443_monitoring",
      "type": "EDS",
      "eds_cluster_config": {
       "eds_config": {
        "ads": {}
       }
      },
      "connect_timeout": "5s",
      "metadata": {}
     },
     "last_updated": "2019-10-16T15:30:19.695Z"
    },
    {
     "version_info": "3744764962784351766",
     "cluster": {
      "name": "kube-svc:monitoring-kube-state-metrics-9443_monitoring",
      "type": "EDS",
      "eds_cluster_config": {
       "eds_config": {
        "ads": {}
       }
      },
      "connect_timeout": "5s",
      "metadata": {}
     },
     "last_updated": "2019-10-16T15:30:19.661Z"
    },
    {
     "version_info": "3744764962784351766",
     "cluster": {
      "name": "kube-svc:monitoring-metrics-rbac-proxy-8443_monitoring",
      "type": "EDS",
      "eds_cluster_config": {
       "eds_config": {
        "ads": {}
       }
      },
      "connect_timeout": "5s",
      "metadata": {}
     },
     "last_updated": "2019-10-16T15:30:19.649Z"
    },
    {
     "version_info": "3744764962784351766",
     "cluster": {
      "name": "kube-svc:monitoring-node-exporter-9100_monitoring",
      "type": "EDS",
      "eds_cluster_config": {
       "eds_config": {
        "ads": {}
       }
      },
      "connect_timeout": "5s",
      "metadata": {}
     },
     "last_updated": "2019-10-16T15:30:19.630Z"
    },
    {
     "version_info": "3744764962784351766",
     "cluster": {
      "name": "kube-svc:monitoring-prometheus-adapter-443_monitoring",
      "type": "EDS",
      "eds_cluster_config": {
       "eds_config": {
        "ads": {}
       }
      },
      "connect_timeout": "5s",
      "metadata": {}
     },
     "last_updated": "2019-10-16T15:30:19.691Z"
    },
    {
     "version_info": "3744764962784351766",
     "cluster": {
      "name": "kube-svc:monitoring-prometheus-k8s-10902_monitoring",
      "type": "EDS",
      "eds_cluster_config": {
       "eds_config": {
        "ads": {}
       }
      },
      "connect_timeout": "5s",
      "metadata": {}
     },
     "last_updated": "2019-10-16T15:30:19.652Z"
    },
    {
     "version_info": "3744764962784351766",
     "cluster": {
      "name": "kube-svc:monitoring-prometheus-k8s-9090_monitoring",
      "type": "EDS",
      "eds_cluster_config": {
       "eds_config": {
        "ads": {}
       }
      },
      "connect_timeout": "5s",
      "metadata": {}
     },
     "last_updated": "2019-10-16T15:30:19.696Z"
    },
    {
     "version_info": "3744764962784351766",
     "cluster": {
      "name": "kube-svc:monitoring-prometheus-k8s-a-10902_monitoring",
      "type": "EDS",
      "eds_cluster_config": {
       "eds_config": {
        "ads": {}
       }
      },
      "connect_timeout": "5s",
      "metadata": {}
     },
     "last_updated": "2019-10-16T15:30:19.654Z"
    },
    {
     "version_info": "3744764962784351766",
     "cluster": {
      "name": "kube-svc:monitoring-prometheus-k8s-a-9090_monitoring",
      "type": "EDS",
      "eds_cluster_config": {
       "eds_config": {
        "ads": {}
       }
      },
      "connect_timeout": "5s",
      "metadata": {}
     },
     "last_updated": "2019-10-16T15:30:19.646Z"
    },
    {
     "version_info": "3744764962784351766",
     "cluster": {
      "name": "kube-svc:monitoring-prometheus-k8s-a-proxy-80_monitoring",
      "type": "EDS",
      "eds_cluster_config": {
       "eds_config": {
        "ads": {}
       }
      },
      "connect_timeout": "5s",
      "metadata": {}
     },
     "last_updated": "2019-10-16T15:30:19.688Z"
    },
    {
     "version_info": "3744764962784351766",
     "cluster": {
      "name": "kube-svc:monitoring-prometheus-k8s-b-10902_monitoring",
      "type": "EDS",
      "eds_cluster_config": {
       "eds_config": {
        "ads": {}
       }
      },
      "connect_timeout": "5s",
      "metadata": {}
     },
     "last_updated": "2019-10-16T15:30:19.673Z"
    },
    {
     "version_info": "3744764962784351766",
     "cluster": {
      "name": "kube-svc:monitoring-prometheus-k8s-b-9090_monitoring",
      "type": "EDS",
      "eds_cluster_config": {
       "eds_config": {
        "ads": {}
       }
      },
      "connect_timeout": "5s",
      "metadata": {}
     },
     "last_updated": "2019-10-16T15:30:19.650Z"
    },
    {
     "version_info": "3744764962784351766",
     "cluster": {
      "name": "kube-svc:monitoring-prometheus-k8s-b-proxy-80_monitoring",
      "type": "EDS",
      "eds_cluster_config": {
       "eds_config": {
        "ads": {}
       }
      },
      "connect_timeout": "5s",
      "metadata": {}
     },
     "last_updated": "2019-10-16T15:30:19.683Z"
    },
    {
     "version_info": "3744764962784351766",
     "cluster": {
      "name": "kube-svc:monitoring-prometheus-k8s-c-10902_monitoring",
      "type": "EDS",
      "eds_cluster_config": {
       "eds_config": {
        "ads": {}
       }
      },
      "connect_timeout": "5s",
      "metadata": {}
     },
     "last_updated": "2019-10-16T15:30:19.650Z"
    },
    {
     "version_info": "3744764962784351766",
     "cluster": {
      "name": "kube-svc:monitoring-prometheus-k8s-c-9090_monitoring",
      "type": "EDS",
      "eds_cluster_config": {
       "eds_config": {
        "ads": {}
       }
      },
      "connect_timeout": "5s",
      "metadata": {}
     },
     "last_updated": "2019-10-16T15:30:19.678Z"
    },
    {
     "version_info": "3744764962784351766",
     "cluster": {
      "name": "kube-svc:monitoring-prometheus-k8s-c-proxy-80_monitoring",
      "type": "EDS",
      "eds_cluster_config": {
       "eds_config": {
        "ads": {}
       }
      },
      "connect_timeout": "5s",
      "metadata": {}
     },
     "last_updated": "2019-10-16T15:30:19.676Z"
    },
    {
     "version_info": "3744764962784351766",
     "cluster": {
      "name": "kube-svc:monitoring-prometheus-operated-9090_monitoring",
      "type": "EDS",
      "eds_cluster_config": {
       "eds_config": {
        "ads": {}
       }
      },
      "connect_timeout": "5s",
      "metadata": {}
     },
     "last_updated": "2019-10-16T15:30:19.676Z"
    },
    {
     "version_info": "3744764962784351766",
     "cluster": {
      "name": "kube-svc:monitoring-prometheus-operator-8080_monitoring",
      "type": "EDS",
      "eds_cluster_config": {
       "eds_config": {
        "ads": {}
       }
      },
      "connect_timeout": "5s",
      "metadata": {}
     },
     "last_updated": "2019-10-16T15:30:19.657Z"
    },
    {
     "version_info": "3744764962784351766",
     "cluster": {
      "name": "kube-svc:monitoring-prometheus-proxy-80_monitoring",
      "type": "EDS",
      "eds_cluster_config": {
       "eds_config": {
        "ads": {}
       }
      },
      "connect_timeout": "5s",
      "metadata": {}
     },
     "last_updated": "2019-10-16T15:30:19.637Z"
    },
    {
     "version_info": "3744764962784351766",
     "cluster": {
      "name": "kube-svc:monitoring-prometheus-pushgw-9079_monitoring",
      "type": "EDS",
      "eds_cluster_config": {
       "eds_config": {
        "ads": {}
       }
      },
      "connect_timeout": "5s",
      "metadata": {}
     },
     "last_updated": "2019-10-16T15:30:19.628Z"
    },
    {
     "version_info": "3744764962784351766",
     "cluster": {
      "name": "kube-svc:monitoring-thanos-query-10901_monitoring",
      "type": "EDS",
      "eds_cluster_config": {
       "eds_config": {
        "ads": {}
       }
      },
      "connect_timeout": "5s",
      "http2_protocol_options": {},
      "metadata": {}
     },
     "last_updated": "2019-10-16T15:30:19.654Z"
    },
    {
     "version_info": "3744764962784351766",
     "cluster": {
      "name": "kube-svc:monitoring-thanos-query-9090_monitoring",
      "type": "EDS",
      "eds_cluster_config": {
       "eds_config": {
        "ads": {}
       }
      },
      "connect_timeout": "5s",
      "metadata": {}
     },
     "last_updated": "2019-10-16T15:30:19.667Z"
    },
    {
     "version_info": "3744764962784351766",
     "cluster": {
      "name": "kube-svc:monitoring-thanos-query-proxy-80_monitoring",
      "type": "EDS",
      "eds_cluster_config": {
       "eds_config": {
        "ads": {}
       }
      },
      "connect_timeout": "5s",
      "metadata": {}
     },
     "last_updated": "2019-10-16T15:30:19.655Z"
    },
    {
     "version_info": "3744764962784351766",
     "cluster": {
      "name": "kube-svc:monitoring-thanos-ruler-9090_monitoring",
      "type": "EDS",
      "eds_cluster_config": {
       "eds_config": {
        "ads": {}
       }
      },
      "connect_timeout": "5s",
      "metadata": {}
     },
     "last_updated": "2019-10-16T15:30:19.626Z"
    },
    {
     "version_info": "3744764962784351766",
     "cluster": {
      "name": "kube-svc:monitoring-thanos-ruler-proxy-80_monitoring",
      "type": "EDS",
      "eds_cluster_config": {
       "eds_config": {
        "ads": {}
       }
      },
      "connect_timeout": "5s",
      "metadata": {}
     },
     "last_updated": "2019-10-16T15:30:19.632Z"
    },
    {
     "version_info": "3744764962784351766",
     "cluster": {
      "name": "kube-svc:monitoring-thanos-store-api-10901_monitoring",
      "type": "EDS",
      "eds_cluster_config": {
       "eds_config": {
        "ads": {}
       }
      },
      "connect_timeout": "5s",
      "http2_protocol_options": {},
      "metadata": {}
     },
     "last_updated": "2019-10-16T15:30:19.680Z"
    },
    {
     "version_info": "3744764962784351766",
     "cluster": {
      "name": "kube-svc:opa-opa-443_opa",
      "type": "EDS",
      "eds_cluster_config": {
       "eds_config": {
        "ads": {}
       }
      },
      "connect_timeout": "5s",
      "metadata": {}
     },
     "last_updated": "2019-10-16T15:30:19.633Z"
    },
    {
     "version_info": "3744764962784351766",
     "cluster": {
      "name": "kube-svc:tracing-jaeger-agent-5775_tracing",
      "type": "EDS",
      "eds_cluster_config": {
       "eds_config": {
        "ads": {}
       }
      },
      "connect_timeout": "5s",
      "metadata": {}
     },
     "last_updated": "2019-10-16T15:30:19.638Z"
    },
    {
     "version_info": "3744764962784351766",
     "cluster": {
      "name": "kube-svc:tracing-jaeger-agent-5778_tracing",
      "type": "EDS",
      "eds_cluster_config": {
       "eds_config": {
        "ads": {}
       }
      },
      "connect_timeout": "5s",
      "metadata": {}
     },
     "last_updated": "2019-10-16T15:30:19.626Z"
    },
    {
     "version_info": "3744764962784351766",
     "cluster": {
      "name": "kube-svc:tracing-jaeger-agent-6831_tracing",
      "type": "EDS",
      "eds_cluster_config": {
       "eds_config": {
        "ads": {}
       }
      },
      "connect_timeout": "5s",
      "metadata": {}
     },
     "last_updated": "2019-10-16T15:30:19.680Z"
    },
    {
     "version_info": "3744764962784351766",
     "cluster": {
      "name": "kube-svc:tracing-jaeger-agent-6832_tracing",
      "type": "EDS",
      "eds_cluster_config": {
       "eds_config": {
        "ads": {}
       }
      },
      "connect_timeout": "5s",
      "metadata": {}
     },
     "last_updated": "2019-10-16T15:30:19.653Z"
    },
    {
     "version_info": "3744764962784351766",
     "cluster": {
      "name": "kube-svc:tracing-jaeger-agent-metrics-14271_tracing",
      "type": "EDS",
      "eds_cluster_config": {
       "eds_config": {
        "ads": {}
       }
      },
      "connect_timeout": "5s",
      "metadata": {}
     },
     "last_updated": "2019-10-16T15:30:19.629Z"
    },
    {
     "version_info": "3744764962784351766",
     "cluster": {
      "name": "kube-svc:tracing-jaeger-collector-14250_tracing",
      "type": "EDS",
      "eds_cluster_config": {
       "eds_config": {
        "ads": {}
       }
      },
      "connect_timeout": "5s",
      "http2_protocol_options": {},
      "metadata": {}
     },
     "last_updated": "2019-10-16T15:30:19.698Z"
    },
    {
     "version_info": "3744764962784351766",
     "cluster": {
      "name": "kube-svc:tracing-jaeger-collector-14267_tracing",
      "type": "EDS",
      "eds_cluster_config": {
       "eds_config": {
        "ads": {}
       }
      },
      "connect_timeout": "5s",
      "metadata": {}
     },
     "last_updated": "2019-10-16T15:30:19.682Z"
    },
    {
     "version_info": "3744764962784351766",
     "cluster": {
      "name": "kube-svc:tracing-jaeger-collector-14268_tracing",
      "type": "EDS",
      "eds_cluster_config": {
       "eds_config": {
        "ads": {}
       }
      },
      "connect_timeout": "5s",
      "metadata": {}
     },
     "last_updated": "2019-10-16T15:30:19.641Z"
    },
    {
     "version_info": "3744764962784351766",
     "cluster": {
      "name": "kube-svc:tracing-jaeger-collector-9411_tracing",
      "type": "EDS",
      "eds_cluster_config": {
       "eds_config": {
        "ads": {}
       }
      },
      "connect_timeout": "5s",
      "metadata": {}
     },
     "last_updated": "2019-10-16T15:30:19.633Z"
    },
    {
     "version_info": "3744764962784351766",
     "cluster": {
      "name": "kube-svc:tracing-jaeger-collector-headless-14250_tracing",
      "type": "EDS",
      "eds_cluster_config": {
       "eds_config": {
        "ads": {}
       }
      },
      "connect_timeout": "5s",
      "http2_protocol_options": {},
      "metadata": {}
     },
     "last_updated": "2019-10-16T15:30:19.658Z"
    },
    {
     "version_info": "3744764962784351766",
     "cluster": {
      "name": "kube-svc:tracing-jaeger-collector-headless-14267_tracing",
      "type": "EDS",
      "eds_cluster_config": {
       "eds_config": {
        "ads": {}
       }
      },
      "connect_timeout": "5s",
      "metadata": {}
     },
     "last_updated": "2019-10-16T15:30:19.639Z"
    },
    {
     "version_info": "3744764962784351766",
     "cluster": {
      "name": "kube-svc:tracing-jaeger-collector-headless-14268_tracing",
      "type": "EDS",
      "eds_cluster_config": {
       "eds_config": {
        "ads": {}
       }
      },
      "connect_timeout": "5s",
      "metadata": {}
     },
     "last_updated": "2019-10-16T15:30:19.674Z"
    },
    {
     "version_info": "3744764962784351766",
     "cluster": {
      "name": "kube-svc:tracing-jaeger-collector-headless-9411_tracing",
      "type": "EDS",
      "eds_cluster_config": {
       "eds_config": {
        "ads": {}
       }
      },
      "connect_timeout": "5s",
      "metadata": {}
     },
     "last_updated": "2019-10-16T15:30:19.684Z"
    },
    {
     "version_info": "3744764962784351766",
     "cluster": {
      "name": "kube-svc:tracing-jaeger-metrics-14269_tracing",
      "type": "EDS",
      "eds_cluster_config": {
       "eds_config": {
        "ads": {}
       }
      },
      "connect_timeout": "5s",
      "metadata": {}
     },
     "last_updated": "2019-10-16T15:30:19.664Z"
    },
    {
     "version_info": "3744764962784351766",
     "cluster": {
      "name": "kube-svc:tracing-jaeger-operator-metrics-8383_tracing",
      "type": "EDS",
      "eds_cluster_config": {
       "eds_config": {
        "ads": {}
       }
      },
      "connect_timeout": "5s",
      "metadata": {}
     },
     "last_updated": "2019-10-16T15:30:19.700Z"
    },
    {
     "version_info": "3744764962784351766",
     "cluster": {
      "name": "kube-svc:tracing-jaeger-query-16686_tracing",
      "type": "EDS",
      "eds_cluster_config": {
       "eds_config": {
        "ads": {}
       }
      },
      "connect_timeout": "5s",
      "metadata": {}
     },
     "last_updated": "2019-10-16T15:30:19.648Z"
    },
    {
     "version_info": "3744764962784351766",
     "cluster": {
      "name": "kube-svc:velero-velero-metrics-8085_velero",
      "type": "EDS",
      "eds_cluster_config": {
       "eds_config": {
        "ads": {}
       }
      },
      "connect_timeout": "5s",
      "metadata": {}
     },
     "last_updated": "2019-10-16T15:30:19.631Z"
    },
    {
     "version_info": "3744764962784351766",
     "cluster": {
      "name": "kube-system-cilium-metrics-svc-9090_heptio-contour",
      "type": "EDS",
      "eds_cluster_config": {
       "eds_config": {
        "ads": {}
       }
      },
      "connect_timeout": "5s",
      "metadata": {}
     },
     "last_updated": "2019-10-16T15:30:19.668Z"
    },
    {
     "version_info": "3744764962784351766",
     "cluster": {
      "name": "kube-system-cilium-metrics-svc-true-9090_heptio-contour",
      "type": "EDS",
      "eds_cluster_config": {
       "eds_config": {
        "ads": {}
       }
      },
      "connect_timeout": "5s",
      "metadata": {}
     },
     "last_updated": "2019-10-16T15:30:19.653Z"
    },
    {
     "version_info": "3744764962784351766",
     "cluster": {
      "name": "kube-system-cluster-autoscaler-metrics-svc-8085_heptio-contour",
      "type": "EDS",
      "eds_cluster_config": {
       "eds_config": {
        "ads": {}
       }
      },
      "connect_timeout": "5s",
      "metadata": {}
     },
     "last_updated": "2019-10-16T15:30:19.659Z"
    },
    {
     "version_info": "3744764962784351766",
     "cluster": {
      "name": "kube-system-dashboard-proxy-80_heptio-contour",
      "type": "EDS",
      "eds_cluster_config": {
       "eds_config": {
        "ads": {}
       }
      },
      "connect_timeout": "5s",
      "metadata": {}
     },
     "last_updated": "2019-10-16T15:30:19.634Z"
    },
    {
     "version_info": "3744764962784351766",
     "cluster": {
      "name": "kube-system-etcd-2379_heptio-contour",
      "type": "EDS",
      "eds_cluster_config": {
       "eds_config": {
        "ads": {}
       }
      },
      "connect_timeout": "5s",
      "metadata": {}
     },
     "last_updated": "2019-10-16T15:30:19.693Z"
    },
    {
     "version_info": "3744764962784351766",
     "cluster": {
      "name": "kube-system-fluent-bit-audit-2020_heptio-contour",
      "type": "EDS",
      "eds_cluster_config": {
       "eds_config": {
        "ads": {}
       }
      },
      "connect_timeout": "5s",
      "metadata": {}
     },
     "last_updated": "2019-10-16T15:30:19.636Z"
    },
    {
     "version_info": "3744764962784351766",
     "cluster": {
      "name": "kube-system-kube-controller-manager-metrics-svc-10257_heptio-contour",
      "type": "EDS",
      "eds_cluster_config": {
       "eds_config": {
        "ads": {}
       }
      },
      "connect_timeout": "5s",
      "metadata": {}
     },
     "last_updated": "2019-10-16T15:30:19.662Z"
    },
    {
     "version_info": "3744764962784351766",
     "cluster": {
      "name": "kube-system-kube-dns-53_heptio-contour",
      "type": "EDS",
      "eds_cluster_config": {
       "eds_config": {
        "ads": {}
       }
      },
      "connect_timeout": "5s",
      "metadata": {}
     },
     "last_updated": "2019-10-16T15:30:19.672Z"
    },
    {
     "version_info": "3744764962784351766",
     "cluster": {
      "name": "kube-system-kube-dns-9153_heptio-contour",
      "type": "EDS",
      "eds_cluster_config": {
       "eds_config": {
        "ads": {}
       }
      },
      "connect_timeout": "5s",
      "metadata": {}
     },
     "last_updated": "2019-10-16T15:30:19.656Z"
    },
    {
     "version_info": "3744764962784351766",
     "cluster": {
      "name": "kube-system-kube-dns-metrics-svc-9153_heptio-contour",
      "type": "EDS",
      "eds_cluster_config": {
       "eds_config": {
        "ads": {}
       }
      },
      "connect_timeout": "5s",
      "metadata": {}
     },
     "last_updated": "2019-10-16T15:30:19.682Z"
    },
    {
     "version_info": "3744764962784351766",
     "cluster": {
      "name": "kube-system-kube-scheduler-metrics-svc-10259_heptio-contour",
      "type": "EDS",
      "eds_cluster_config": {
       "eds_config": {
        "ads": {}
       }
      },
      "connect_timeout": "5s",
      "metadata": {}
     },
     "last_updated": "2019-10-16T15:30:19.646Z"
    },
    {
     "version_info": "3744764962784351766",
     "cluster": {
      "name": "kube-system-kubelet-10250_heptio-contour",
      "type": "EDS",
      "eds_cluster_config": {
       "eds_config": {
        "ads": {}
       }
      },
      "connect_timeout": "5s",
      "metadata": {}
     },
     "last_updated": "2019-10-16T15:30:19.632Z"
    },
    {
     "version_info": "3744764962784351766",
     "cluster": {
      "name": "kube-system-kubernetes-dashboard-443_heptio-contour",
      "type": "EDS",
      "eds_cluster_config": {
       "eds_config": {
        "ads": {}
       }
      },
      "connect_timeout": "5s",
      "metadata": {}
     },
     "last_updated": "2019-10-16T15:30:19.634Z"
    },
    {
     "version_info": "3744764962784351766",
     "cluster": {
      "name": "kube-system-metrics-server-443_heptio-contour",
      "type": "EDS",
      "eds_cluster_config": {
       "eds_config": {
        "ads": {}
       }
      },
      "connect_timeout": "5s",
      "metadata": {}
     },
     "last_updated": "2019-10-16T15:30:19.666Z"
    },
    {
     "version_info": "3744764962784351766",
     "cluster": {
      "name": "kube-system-metrics-server-v0-3-1-443_heptio-contour",
      "type": "EDS",
      "eds_cluster_config": {
       "eds_config": {
        "ads": {}
       }
      },
      "connect_timeout": "5s",
      "metadata": {}
     },
     "last_updated": "2019-10-16T15:30:19.646Z"
    },
    {
     "version_info": "3744764962784351766",
     "cluster": {
      "name": "kube-system-vpa-webhook-443_heptio-contour",
      "type": "EDS",
      "eds_cluster_config": {
       "eds_config": {
        "ads": {}
       }
      },
      "connect_timeout": "5s",
      "metadata": {}
     },
     "last_updated": "2019-10-16T15:30:19.633Z"
    },
    {
     "version_info": "3744764962784351766",
     "cluster": {
      "name": "monitoring-alertmanager-main-9093_heptio-contour",
      "type": "EDS",
      "eds_cluster_config": {
       "eds_config": {
        "ads": {}
       }
      },
      "connect_timeout": "5s",
      "metadata": {}
     },
     "last_updated": "2019-10-16T15:30:19.674Z"
    },
    {
     "version_info": "3744764962784351766",
     "cluster": {
      "name": "monitoring-alertmanager-main-alertmanager-main-0-9093_heptio-contour",
      "type": "EDS",
      "eds_cluster_config": {
       "eds_config": {
        "ads": {}
       }
      },
      "connect_timeout": "5s",
      "metadata": {}
     },
     "last_updated": "2019-10-16T15:30:19.643Z"
    },
    {
     "version_info": "3744764962784351766",
     "cluster": {
      "name": "monitoring-alertmanager-main-alertmanager-main-1-9093_heptio-contour",
      "type": "EDS",
      "eds_cluster_config": {
       "eds_config": {
        "ads": {}
       }
      },
      "connect_timeout": "5s",
      "metadata": {}
     },
     "last_updated": "2019-10-16T15:30:19.687Z"
    },
    {
     "version_info": "3744764962784351766",
     "cluster": {
      "name": "monitoring-alertmanager-main-alertmanager-main-2-9093_heptio-contour",
      "type": "EDS",
      "eds_cluster_config": {
       "eds_config": {
        "ads": {}
       }
      },
      "connect_timeout": "5s",
      "metadata": {}
     },
     "last_updated": "2019-10-16T15:30:19.647Z"
    },
    {
     "version_info": "3744764962784351766",
     "cluster": {
      "name": "monitoring-alertmanager-operated-6783_heptio-contour",
      "type": "EDS",
      "eds_cluster_config": {
       "eds_config": {
        "ads": {}
       }
      },
      "connect_timeout": "5s",
      "metadata": {}
     },
     "last_updated": "2019-10-16T15:30:19.636Z"
    },
    {
     "version_info": "3744764962784351766",
     "cluster": {
      "name": "monitoring-alertmanager-operated-9093_heptio-contour",
      "type": "EDS",
      "eds_cluster_config": {
       "eds_config": {
        "ads": {}
       }
      },
      "connect_timeout": "5s",
      "metadata": {}
     },
     "last_updated": "2019-10-16T15:30:19.679Z"
    },
    {
     "version_info": "3744764962784351766",
     "cluster": {
      "name": "monitoring-alertmanager-operated-main-alertmanager-main-0-6783_heptio-contour",
      "type": "EDS",
      "eds_cluster_config": {
       "eds_config": {
        "ads": {}
       }
      },
      "connect_timeout": "5s",
      "metadata": {}
     },
     "last_updated": "2019-10-16T15:30:19.688Z"
    },
    {
     "version_info": "3744764962784351766",
     "cluster": {
      "name": "monitoring-alertmanager-operated-main-alertmanager-main-0-9093_heptio-contour",
      "type": "EDS",
      "eds_cluster_config": {
       "eds_config": {
        "ads": {}
       }
      },
      "connect_timeout": "5s",
      "metadata": {}
     },
     "last_updated": "2019-10-16T15:30:19.691Z"
    },
    {
     "version_info": "3744764962784351766",
     "cluster": {
      "name": "monitoring-alertmanager-operated-main-alertmanager-main-1-6783_heptio-contour",
      "type": "EDS",
      "eds_cluster_config": {
       "eds_config": {
        "ads": {}
       }
      },
      "connect_timeout": "5s",
      "metadata": {}
     },
     "last_updated": "2019-10-16T15:30:19.696Z"
    },
    {
     "version_info": "3744764962784351766",
     "cluster": {
      "name": "monitoring-alertmanager-operated-main-alertmanager-main-1-9093_heptio-contour",
      "type": "EDS",
      "eds_cluster_config": {
       "eds_config": {
        "ads": {}
       }
      },
      "connect_timeout": "5s",
      "metadata": {}
     },
     "last_updated": "2019-10-16T15:30:19.650Z"
    },
    {
     "version_info": "3744764962784351766",
     "cluster": {
      "name": "monitoring-alertmanager-operated-main-alertmanager-main-2-6783_heptio-contour",
      "type": "EDS",
      "eds_cluster_config": {
       "eds_config": {
        "ads": {}
       }
      },
      "connect_timeout": "5s",
      "metadata": {}
     },
     "last_updated": "2019-10-16T15:30:19.660Z"
    },
    {
     "version_info": "3744764962784351766",
     "cluster": {
      "name": "monitoring-alertmanager-operated-main-alertmanager-main-2-9093_heptio-contour",
      "type": "EDS",
      "eds_cluster_config": {
       "eds_config": {
        "ads": {}
       }
      },
      "connect_timeout": "5s",
      "metadata": {}
     },
     "last_updated": "2019-10-16T15:30:19.659Z"
    },
    {
     "version_info": "3744764962784351766",
     "cluster": {
      "name": "monitoring-alertmanager-proxy-80_heptio-contour",
      "type": "EDS",
      "eds_cluster_config": {
       "eds_config": {
        "ads": {}
       }
      },
      "connect_timeout": "5s",
      "metadata": {}
     },
     "last_updated": "2019-10-16T15:30:19.664Z"
    },
    {
     "version_info": "3744764962784351766",
     "cluster": {
      "name": "monitoring-blackbox-exporter-9115_heptio-contour",
      "type": "EDS",
      "eds_cluster_config": {
       "eds_config": {
        "ads": {}
       }
      },
      "connect_timeout": "5s",
      "metadata": {}
     },
     "last_updated": "2019-10-16T15:30:19.704Z"
    },
    {
     "version_info": "3744764962784351766",
     "cluster": {
      "name": "monitoring-cloudwatch-exporter-9106_heptio-contour",
      "type": "EDS",
      "eds_cluster_config": {
       "eds_config": {
        "ads": {}
       }
      },
      "connect_timeout": "5s",
      "metadata": {}
     },
     "last_updated": "2019-10-16T15:30:19.644Z"
    },
    {
     "version_info": "3744764962784351766",
     "cluster": {
      "name": "monitoring-goldpinger-cni-80_heptio-contour",
      "type": "EDS",
      "eds_cluster_config": {
       "eds_config": {
        "ads": {}
       }
      },
      "connect_timeout": "5s",
      "metadata": {}
     },
     "last_updated": "2019-10-16T15:30:19.692Z"
    },
    {
     "version_info": "3744764962784351766",
     "cluster": {
      "name": "monitoring-goldpinger-hostnetwork-80_heptio-contour",
      "type": "EDS",
      "eds_cluster_config": {
       "eds_config": {
        "ads": {}
       }
      },
      "connect_timeout": "5s",
      "metadata": {}
     },
     "last_updated": "2019-10-16T15:30:19.697Z"
    },
    {
     "version_info": "3744764962784351766",
     "cluster": {
      "name": "monitoring-grafana-3000_heptio-contour",
      "type": "EDS",
      "eds_cluster_config": {
       "eds_config": {
        "ads": {}
       }
      },
      "connect_timeout": "5s",
      "metadata": {}
     },
     "last_updated": "2019-10-16T15:30:19.673Z"
    },
    {
     "version_info": "3744764962784351766",
     "cluster": {
      "name": "monitoring-grafana-proxy-80_heptio-contour",
      "type": "EDS",
      "eds_cluster_config": {
       "eds_config": {
        "ads": {}
       }
      },
      "connect_timeout": "5s",
      "metadata": {}
     },
     "last_updated": "2019-10-16T15:30:19.638Z"
    },
    {
     "version_info": "3744764962784351766",
     "cluster": {
      "name": "monitoring-kube-state-metrics-8443_heptio-contour",
      "type": "EDS",
      "eds_cluster_config": {
       "eds_config": {
        "ads": {}
       }
      },
      "connect_timeout": "5s",
      "metadata": {}
     },
     "last_updated": "2019-10-16T15:30:19.657Z"
    },
    {
     "version_info": "3744764962784351766",
     "cluster": {
      "name": "monitoring-kube-state-metrics-9443_heptio-contour",
      "type": "EDS",
      "eds_cluster_config": {
       "eds_config": {
        "ads": {}
       }
      },
      "connect_timeout": "5s",
      "metadata": {}
     },
     "last_updated": "2019-10-16T15:30:19.652Z"
    },
    {
     "version_info": "3744764962784351766",
     "cluster": {
      "name": "monitoring-metrics-rbac-proxy-8443_heptio-contour",
      "type": "EDS",
      "eds_cluster_config": {
       "eds_config": {
        "ads": {}
       }
      },
      "connect_timeout": "5s",
      "metadata": {}
     },
     "last_updated": "2019-10-16T15:30:19.685Z"
    },
    {
     "version_info": "3744764962784351766",
     "cluster": {
      "name": "monitoring-node-exporter-9100_heptio-contour",
      "type": "EDS",
      "eds_cluster_config": {
       "eds_config": {
        "ads": {}
       }
      },
      "connect_timeout": "5s",
      "metadata": {}
     },
     "last_updated": "2019-10-16T15:30:19.665Z"
    },
    {
     "version_info": "3744764962784351766",
     "cluster": {
      "name": "monitoring-prometheus-adapter-443_heptio-contour",
      "type": "EDS",
      "eds_cluster_config": {
       "eds_config": {
        "ads": {}
       }
      },
      "connect_timeout": "5s",
      "metadata": {}
     },
     "last_updated": "2019-10-16T15:30:19.645Z"
    },
    {
     "version_info": "3744764962784351766",
     "cluster": {
      "name": "monitoring-prometheus-k8s-10902_heptio-contour",
      "type": "EDS",
      "eds_cluster_config": {
       "eds_config": {
        "ads": {}
       }
      },
      "connect_timeout": "5s",
      "metadata": {}
     },
     "last_updated": "2019-10-16T15:30:19.697Z"
    },
    {
     "version_info": "3744764962784351766",
     "cluster": {
      "name": "monitoring-prometheus-k8s-9090_heptio-contour",
      "type": "EDS",
      "eds_cluster_config": {
       "eds_config": {
        "ads": {}
       }
      },
      "connect_timeout": "5s",
      "metadata": {}
     },
     "last_updated": "2019-10-16T15:30:19.644Z"
    },
    {
     "version_info": "3744764962784351766",
     "cluster": {
      "name": "monitoring-prometheus-k8s-a-10902_heptio-contour",
      "type": "EDS",
      "eds_cluster_config": {
       "eds_config": {
        "ads": {}
       }
      },
      "connect_timeout": "5s",
      "metadata": {}
     },
     "last_updated": "2019-10-16T15:30:19.653Z"
    },
    {
     "version_info": "3744764962784351766",
     "cluster": {
      "name": "monitoring-prometheus-k8s-a-9090_heptio-contour",
      "type": "EDS",
      "eds_cluster_config": {
       "eds_config": {
        "ads": {}
       }
      },
      "connect_timeout": "5s",
      "metadata": {}
     },
     "last_updated": "2019-10-16T15:30:19.686Z"
    },
    {
     "version_info": "3744764962784351766",
     "cluster": {
      "name": "monitoring-prometheus-k8s-a-prometheus-k8s-a-0-true-10902_heptio-contour",
      "type": "EDS",
      "eds_cluster_config": {
       "eds_config": {
        "ads": {}
       }
      },
      "connect_timeout": "5s",
      "metadata": {}
     },
     "last_updated": "2019-10-16T15:30:19.660Z"
    },
    {
     "version_info": "3744764962784351766",
     "cluster": {
      "name": "monitoring-prometheus-k8s-a-prometheus-k8s-a-0-true-9090_heptio-contour",
      "type": "EDS",
      "eds_cluster_config": {
       "eds_config": {
        "ads": {}
       }
      },
      "connect_timeout": "5s",
      "metadata": {}
     },
     "last_updated": "2019-10-16T15:30:19.682Z"
    },
    {
     "version_info": "3744764962784351766",
     "cluster": {
      "name": "monitoring-prometheus-k8s-a-prometheus-k8s-a-1-true-10902_heptio-contour",
      "type": "EDS",
      "eds_cluster_config": {
       "eds_config": {
        "ads": {}
       }
      },
      "connect_timeout": "5s",
      "metadata": {}
     },
     "last_updated": "2019-10-16T15:30:19.684Z"
    },
    {
     "version_info": "3744764962784351766",
     "cluster": {
      "name": "monitoring-prometheus-k8s-a-prometheus-k8s-a-1-true-9090_heptio-contour",
      "type": "EDS",
      "eds_cluster_config": {
       "eds_config": {
        "ads": {}
       }
      },
      "connect_timeout": "5s",
      "metadata": {}
     },
     "last_updated": "2019-10-16T15:30:19.704Z"
    },
    {
     "version_info": "3744764962784351766",
     "cluster": {
      "name": "monitoring-prometheus-k8s-a-proxy-80_heptio-contour",
      "type": "EDS",
      "eds_cluster_config": {
       "eds_config": {
        "ads": {}
       }
      },
      "connect_timeout": "5s",
      "metadata": {}
     },
     "last_updated": "2019-10-16T15:30:19.641Z"
    },
    {
     "version_info": "3744764962784351766",
     "cluster": {
      "name": "monitoring-prometheus-k8s-a-proxy-prometheus-80_heptio-contour",
      "type": "EDS",
      "eds_cluster_config": {
       "eds_config": {
        "ads": {}
       }
      },
      "connect_timeout": "5s",
      "metadata": {}
     },
     "last_updated": "2019-10-16T15:30:19.645Z"
    },
    {
     "version_info": "3744764962784351766",
     "cluster": {
      "name": "monitoring-prometheus-k8s-b-10902_heptio-contour",
      "type": "EDS",
      "eds_cluster_config": {
       "eds_config": {
        "ads": {}
       }
      },
      "connect_timeout": "5s",
      "metadata": {}
     },
     "last_updated": "2019-10-16T15:30:19.651Z"
    },
    {
     "version_info": "3744764962784351766",
     "cluster": {
      "name": "monitoring-prometheus-k8s-b-9090_heptio-contour",
      "type": "EDS",
      "eds_cluster_config": {
       "eds_config": {
        "ads": {}
       }
      },
      "connect_timeout": "5s",
      "metadata": {}
     },
     "last_updated": "2019-10-16T15:30:19.637Z"
    },
    {
     "version_info": "3744764962784351766",
     "cluster": {
      "name": "monitoring-prometheus-k8s-b-prometheus-k8s-b-0-true-10902_heptio-contour",
      "type": "EDS",
      "eds_cluster_config": {
       "eds_config": {
        "ads": {}
       }
      },
      "connect_timeout": "5s",
      "metadata": {}
     },
     "last_updated": "2019-10-16T15:30:19.674Z"
    },
    {
     "version_info": "3744764962784351766",
     "cluster": {
      "name": "monitoring-prometheus-k8s-b-prometheus-k8s-b-0-true-9090_heptio-contour",
      "type": "EDS",
      "eds_cluster_config": {
       "eds_config": {
        "ads": {}
       }
      },
      "connect_timeout": "5s",
      "metadata": {}
     },
     "last_updated": "2019-10-16T15:30:19.689Z"
    },
    {
     "version_info": "3744764962784351766",
     "cluster": {
      "name": "monitoring-prometheus-k8s-b-prometheus-k8s-b-1-true-10902_heptio-contour",
      "type": "EDS",
      "eds_cluster_config": {
       "eds_config": {
        "ads": {}
       }
      },
      "connect_timeout": "5s",
      "metadata": {}
     },
     "last_updated": "2019-10-16T15:30:19.634Z"
    },
    {
     "version_info": "3744764962784351766",
     "cluster": {
      "name": "monitoring-prometheus-k8s-b-prometheus-k8s-b-1-true-9090_heptio-contour",
      "type": "EDS",
      "eds_cluster_config": {
       "eds_config": {
        "ads": {}
       }
      },
      "connect_timeout": "5s",
      "metadata": {}
     },
     "last_updated": "2019-10-16T15:30:19.649Z"
    },
    {
     "version_info": "3744764962784351766",
     "cluster": {
      "name": "monitoring-prometheus-k8s-b-proxy-80_heptio-contour",
      "type": "EDS",
      "eds_cluster_config": {
       "eds_config": {
        "ads": {}
       }
      },
      "connect_timeout": "5s",
      "metadata": {}
     },
     "last_updated": "2019-10-16T15:30:19.671Z"
    },
    {
     "version_info": "3744764962784351766",
     "cluster": {
      "name": "monitoring-prometheus-k8s-b-proxy-prometheus-80_heptio-contour",
      "type": "EDS",
      "eds_cluster_config": {
       "eds_config": {
        "ads": {}
       }
      },
      "connect_timeout": "5s",
      "metadata": {}
     },
     "last_updated": "2019-10-16T15:30:19.629Z"
    },
    {
     "version_info": "3744764962784351766",
     "cluster": {
      "name": "monitoring-prometheus-k8s-c-10902_heptio-contour",
      "type": "EDS",
      "eds_cluster_config": {
       "eds_config": {
        "ads": {}
       }
      },
      "connect_timeout": "5s",
      "metadata": {}
     },
     "last_updated": "2019-10-16T15:30:19.678Z"
    },
    {
     "version_info": "3744764962784351766",
     "cluster": {
      "name": "monitoring-prometheus-k8s-c-9090_heptio-contour",
      "type": "EDS",
      "eds_cluster_config": {
       "eds_config": {
        "ads": {}
       }
      },
      "connect_timeout": "5s",
      "metadata": {}
     },
     "last_updated": "2019-10-16T15:30:19.667Z"
    },
    {
     "version_info": "3744764962784351766",
     "cluster": {
      "name": "monitoring-prometheus-k8s-c-prometheus-k8s-c-0-true-10902_heptio-contour",
      "type": "EDS",
      "eds_cluster_config": {
       "eds_config": {
        "ads": {}
       }
      },
      "connect_timeout": "5s",
      "metadata": {}
     },
     "last_updated": "2019-10-16T15:30:19.663Z"
    },
    {
     "version_info": "3744764962784351766",
     "cluster": {
      "name": "monitoring-prometheus-k8s-c-prometheus-k8s-c-0-true-9090_heptio-contour",
      "type": "EDS",
      "eds_cluster_config": {
       "eds_config": {
        "ads": {}
       }
      },
      "connect_timeout": "5s",
      "metadata": {}
     },
     "last_updated": "2019-10-16T15:30:19.651Z"
    },
    {
     "version_info": "3744764962784351766",
     "cluster": {
      "name": "monitoring-prometheus-k8s-c-prometheus-k8s-c-1-true-10902_heptio-contour",
      "type": "EDS",
      "eds_cluster_config": {
       "eds_config": {
        "ads": {}
       }
      },
      "connect_timeout": "5s",
      "metadata": {}
     },
     "last_updated": "2019-10-16T15:30:19.697Z"
    },
    {
     "version_info": "3744764962784351766",
     "cluster": {
      "name": "monitoring-prometheus-k8s-c-prometheus-k8s-c-1-true-9090_heptio-contour",
      "type": "EDS",
      "eds_cluster_config": {
       "eds_config": {
        "ads": {}
       }
      },
      "connect_timeout": "5s",
      "metadata": {}
     },
     "last_updated": "2019-10-16T15:30:19.704Z"
    },
    {
     "version_info": "3744764962784351766",
     "cluster": {
      "name": "monitoring-prometheus-k8s-c-proxy-80_heptio-contour",
      "type": "EDS",
      "eds_cluster_config": {
       "eds_config": {
        "ads": {}
       }
      },
      "connect_timeout": "5s",
      "metadata": {}
     },
     "last_updated": "2019-10-16T15:30:19.684Z"
    },
    {
     "version_info": "3744764962784351766",
     "cluster": {
      "name": "monitoring-prometheus-k8s-c-proxy-prometheus-80_heptio-contour",
      "type": "EDS",
      "eds_cluster_config": {
       "eds_config": {
        "ads": {}
       }
      },
      "connect_timeout": "5s",
      "metadata": {}
     },
     "last_updated": "2019-10-16T15:30:19.699Z"
    },
    {
     "version_info": "3744764962784351766",
     "cluster": {
      "name": "monitoring-prometheus-k8s-prometheus-k8s-0-true-10902_heptio-contour",
      "type": "EDS",
      "eds_cluster_config": {
       "eds_config": {
        "ads": {}
       }
      },
      "connect_timeout": "5s",
      "metadata": {}
     },
     "last_updated": "2019-10-16T15:30:19.676Z"
    },
    {
     "version_info": "3744764962784351766",
     "cluster": {
      "name": "monitoring-prometheus-k8s-prometheus-k8s-0-true-9090_heptio-contour",
      "type": "EDS",
      "eds_cluster_config": {
       "eds_config": {
        "ads": {}
       }
      },
      "connect_timeout": "5s",
      "metadata": {}
     },
     "last_updated": "2019-10-16T15:30:19.640Z"
    },
    {
     "version_info": "3744764962784351766",
     "cluster": {
      "name": "monitoring-prometheus-k8s-prometheus-k8s-1-true-10902_heptio-contour",
      "type": "EDS",
      "eds_cluster_config": {
       "eds_config": {
        "ads": {}
       }
      },
      "connect_timeout": "5s",
      "metadata": {}
     },
     "last_updated": "2019-10-16T15:30:19.693Z"
    },
    {
     "version_info": "3744764962784351766",
     "cluster": {
      "name": "monitoring-prometheus-k8s-prometheus-k8s-1-true-9090_heptio-contour",
      "type": "EDS",
      "eds_cluster_config": {
       "eds_config": {
        "ads": {}
       }
      },
      "connect_timeout": "5s",
      "metadata": {}
     },
     "last_updated": "2019-10-16T15:30:19.698Z"
    },
    {
     "version_info": "3744764962784351766",
     "cluster": {
      "name": "monitoring-prometheus-operated--007bf2422a547b45f2ae23467fc65fe_heptio-contour",
      "type": "EDS",
      "eds_cluster_config": {
       "eds_config": {
        "ads": {}
       }
      },
      "connect_timeout": "5s",
      "metadata": {}
     },
     "last_updated": "2019-10-16T15:30:19.631Z"
    },
    {
     "version_info": "3744764962784351766",
     "cluster": {
      "name": "monitoring-prometheus-operated--08c6c7e078f880f48cd2b1a8e082244_heptio-contour",
      "type": "EDS",
      "eds_cluster_config": {
       "eds_config": {
        "ads": {}
       }
      },
      "connect_timeout": "5s",
      "metadata": {}
     },
     "last_updated": "2019-10-16T15:30:19.699Z"
    },
    {
     "version_info": "3744764962784351766",
     "cluster": {
      "name": "monitoring-prometheus-operated--1bf6aa2bfd40a8139db7e9aeee479ab_heptio-contour",
      "type": "EDS",
      "eds_cluster_config": {
       "eds_config": {
        "ads": {}
       }
      },
      "connect_timeout": "5s",
      "metadata": {}
     },
     "last_updated": "2019-10-16T15:30:19.656Z"
    },
    {
     "version_info": "3744764962784351766",
     "cluster": {
      "name": "monitoring-prometheus-operated--32801a39ff0a68c18d3d69899e4a6dc_heptio-contour",
      "type": "EDS",
      "eds_cluster_config": {
       "eds_config": {
        "ads": {}
       }
      },
      "connect_timeout": "5s",
      "metadata": {}
     },
     "last_updated": "2019-10-16T15:30:19.703Z"
    },
    {
     "version_info": "3744764962784351766",
     "cluster": {
      "name": "monitoring-prometheus-operated--d19c393636525a005f04ba745986eef_heptio-contour",
      "type": "EDS",
      "eds_cluster_config": {
       "eds_config": {
        "ads": {}
       }
      },
      "connect_timeout": "5s",
      "metadata": {}
     },
     "last_updated": "2019-10-16T15:30:19.636Z"
    },
    {
     "version_info": "3744764962784351766",
     "cluster": {
      "name": "monitoring-prometheus-operated--ea7735ebc8b51a1a9d85789557d1998_heptio-contour",
      "type": "EDS",
      "eds_cluster_config": {
       "eds_config": {
        "ads": {}
       }
      },
      "connect_timeout": "5s",
      "metadata": {}
     },
     "last_updated": "2019-10-16T15:30:19.681Z"
    },
    {
     "version_info": "3744764962784351766",
     "cluster": {
      "name": "monitoring-prometheus-operated-9090_heptio-contour",
      "type": "EDS",
      "eds_cluster_config": {
       "eds_config": {
        "ads": {}
       }
      },
      "connect_timeout": "5s",
      "metadata": {}
     },
     "last_updated": "2019-10-16T15:30:19.686Z"
    },
    {
     "version_info": "3744764962784351766",
     "cluster": {
      "name": "monitoring-prometheus-operated-k8s-prometheus-k8s-0-true-9090_heptio-contour",
      "type": "EDS",
      "eds_cluster_config": {
       "eds_config": {
        "ads": {}
       }
      },
      "connect_timeout": "5s",
      "metadata": {}
     },
     "last_updated": "2019-10-16T15:30:19.690Z"
    },
    {
     "version_info": "3744764962784351766",
     "cluster": {
      "name": "monitoring-prometheus-operated-k8s-prometheus-k8s-1-true-9090_heptio-contour",
      "type": "EDS",
      "eds_cluster_config": {
       "eds_config": {
        "ads": {}
       }
      },
      "connect_timeout": "5s",
      "metadata": {}
     },
     "last_updated": "2019-10-16T15:30:19.705Z"
    },
    {
     "version_info": "3744764962784351766",
     "cluster": {
      "name": "monitoring-prometheus-operator-8080_heptio-contour",
      "type": "EDS",
      "eds_cluster_config": {
       "eds_config": {
        "ads": {}
       }
      },
      "connect_timeout": "5s",
      "metadata": {}
     },
     "last_updated": "2019-10-16T15:30:19.663Z"
    },
    {
     "version_info": "3744764962784351766",
     "cluster": {
      "name": "monitoring-prometheus-operator-v0-31-1-8080_heptio-contour",
      "type": "EDS",
      "eds_cluster_config": {
       "eds_config": {
        "ads": {}
       }
      },
      "connect_timeout": "5s",
      "metadata": {}
     },
     "last_updated": "2019-10-16T15:30:19.675Z"
    },
    {
     "version_info": "3744764962784351766",
     "cluster": {
      "name": "monitoring-prometheus-proxy-80_heptio-contour",
      "type": "EDS",
      "eds_cluster_config": {
       "eds_config": {
        "ads": {}
       }
      },
      "connect_timeout": "5s",
      "metadata": {}
     },
     "last_updated": "2019-10-16T15:30:19.680Z"
    },
    {
     "version_info": "3744764962784351766",
     "cluster": {
      "name": "monitoring-prometheus-proxy-prometheus-80_heptio-contour",
      "type": "EDS",
      "eds_cluster_config": {
       "eds_config": {
        "ads": {}
       }
      },
      "connect_timeout": "5s",
      "metadata": {}
     },
     "last_updated": "2019-10-16T15:30:19.673Z"
    },
    {
     "version_info": "3744764962784351766",
     "cluster": {
      "name": "monitoring-prometheus-pushgw-9079_heptio-contour",
      "type": "EDS",
      "eds_cluster_config": {
       "eds_config": {
        "ads": {}
       }
      },
      "connect_timeout": "5s",
      "metadata": {}
     },
     "last_updated": "2019-10-16T15:30:19.677Z"
    },
    {
     "version_info": "3744764962784351766",
     "cluster": {
      "name": "monitoring-thanos-query-10901_heptio-contour",
      "type": "EDS",
      "eds_cluster_config": {
       "eds_config": {
        "ads": {}
       }
      },
      "connect_timeout": "5s",
      "http2_protocol_options": {},
      "metadata": {}
     },
     "last_updated": "2019-10-16T15:30:19.627Z"
    },
    {
     "version_info": "3744764962784351766",
     "cluster": {
      "name": "monitoring-thanos-query-9090_heptio-contour",
      "type": "EDS",
      "eds_cluster_config": {
       "eds_config": {
        "ads": {}
       }
      },
      "connect_timeout": "5s",
      "metadata": {}
     },
     "last_updated": "2019-10-16T15:30:19.670Z"
    },
    {
     "version_info": "3744764962784351766",
     "cluster": {
      "name": "monitoring-thanos-query-proxy-80_heptio-contour",
      "type": "EDS",
      "eds_cluster_config": {
       "eds_config": {
        "ads": {}
       }
      },
      "connect_timeout": "5s",
      "metadata": {}
     },
     "last_updated": "2019-10-16T15:30:19.702Z"
    },
    {
     "version_info": "3744764962784351766",
     "cluster": {
      "name": "monitoring-thanos-query-true-10901_heptio-contour",
      "type": "EDS",
      "eds_cluster_config": {
       "eds_config": {
        "ads": {}
       }
      },
      "connect_timeout": "5s",
      "http2_protocol_options": {},
      "metadata": {}
     },
     "last_updated": "2019-10-16T15:30:19.637Z"
    },
    {
     "version_info": "3744764962784351766",
     "cluster": {
      "name": "monitoring-thanos-query-true-9090_heptio-contour",
      "type": "EDS",
      "eds_cluster_config": {
       "eds_config": {
        "ads": {}
       }
      },
      "connect_timeout": "5s",
      "metadata": {}
     },
     "last_updated": "2019-10-16T15:30:19.627Z"
    },
    {
     "version_info": "3744764962784351766",
     "cluster": {
      "name": "monitoring-thanos-ruler-9090_heptio-contour",
      "type": "EDS",
      "eds_cluster_config": {
       "eds_config": {
        "ads": {}
       }
      },
      "connect_timeout": "5s",
      "metadata": {}
     },
     "last_updated": "2019-10-16T15:30:19.628Z"
    },
    {
     "version_info": "3744764962784351766",
     "cluster": {
      "name": "monitoring-thanos-ruler-proxy-80_heptio-contour",
      "type": "EDS",
      "eds_cluster_config": {
       "eds_config": {
        "ads": {}
       }
      },
      "connect_timeout": "5s",
      "metadata": {}
     },
     "last_updated": "2019-10-16T15:30:19.705Z"
    },
    {
     "version_info": "3744764962784351766",
     "cluster": {
      "name": "monitoring-thanos-ruler-thanos-ruler-0-true-9090_heptio-contour",
      "type": "EDS",
      "eds_cluster_config": {
       "eds_config": {
        "ads": {}
       }
      },
      "connect_timeout": "5s",
      "metadata": {}
     },
     "last_updated": "2019-10-16T15:30:19.681Z"
    },
    {
     "version_info": "3744764962784351766",
     "cluster": {
      "name": "monitoring-thanos-ruler-thanos-ruler-1-true-9090_heptio-contour",
      "type": "EDS",
      "eds_cluster_config": {
       "eds_config": {
        "ads": {}
       }
      },
      "connect_timeout": "5s",
      "metadata": {}
     },
     "last_updated": "2019-10-16T15:30:19.690Z"
    },
    {
     "version_info": "3744764962784351766",
     "cluster": {
      "name": "monitoring-thanos-store-api-10901_heptio-contour",
      "type": "EDS",
      "eds_cluster_config": {
       "eds_config": {
        "ads": {}
       }
      },
      "connect_timeout": "5s",
      "http2_protocol_options": {},
      "metadata": {}
     },
     "last_updated": "2019-10-16T15:30:19.694Z"
    },
    {
     "version_info": "3744764962784351766",
     "cluster": {
      "name": "monitoring-thanos-store-api-pro-3460c49311fa0cbe132c5bcf5814c76_heptio-contour",
      "type": "EDS",
      "eds_cluster_config": {
       "eds_config": {
        "ads": {}
       }
      },
      "connect_timeout": "5s",
      "http2_protocol_options": {},
      "metadata": {}
     },
     "last_updated": "2019-10-16T15:30:19.635Z"
    },
    {
     "version_info": "3744764962784351766",
     "cluster": {
      "name": "monitoring-thanos-store-api-pro-4424c567fe0901b2735863986abcfac_heptio-contour",
      "type": "EDS",
      "eds_cluster_config": {
       "eds_config": {
        "ads": {}
       }
      },
      "connect_timeout": "5s",
      "http2_protocol_options": {},
      "metadata": {}
     },
     "last_updated": "2019-10-16T15:30:19.688Z"
    },
    {
     "version_info": "3744764962784351766",
     "cluster": {
      "name": "monitoring-thanos-store-api-pro-4f42bdb4b4b736ce0a752198da9e7d3_heptio-contour",
      "type": "EDS",
      "eds_cluster_config": {
       "eds_config": {
        "ads": {}
       }
      },
      "connect_timeout": "5s",
      "http2_protocol_options": {},
      "metadata": {}
     },
     "last_updated": "2019-10-16T15:30:19.644Z"
    },
    {
     "version_info": "3744764962784351766",
     "cluster": {
      "name": "monitoring-thanos-store-api-pro-546ae36661f583a506b89fe2d965ac3_heptio-contour",
      "type": "EDS",
      "eds_cluster_config": {
       "eds_config": {
        "ads": {}
       }
      },
      "connect_timeout": "5s",
      "http2_protocol_options": {},
      "metadata": {}
     },
     "last_updated": "2019-10-16T15:30:19.665Z"
    },
    {
     "version_info": "3744764962784351766",
     "cluster": {
      "name": "monitoring-thanos-store-api-pro-9e9d9acc826a4578ec05e5575b270f0_heptio-contour",
      "type": "EDS",
      "eds_cluster_config": {
       "eds_config": {
        "ads": {}
       }
      },
      "connect_timeout": "5s",
      "http2_protocol_options": {},
      "metadata": {}
     },
     "last_updated": "2019-10-16T15:30:19.630Z"
    },
    {
     "version_info": "3744764962784351766",
     "cluster": {
      "name": "monitoring-thanos-store-api-pro-b97de3489d8b18690b64f0628e573c6_heptio-contour",
      "type": "EDS",
      "eds_cluster_config": {
       "eds_config": {
        "ads": {}
       }
      },
      "connect_timeout": "5s",
      "http2_protocol_options": {},
      "metadata": {}
     },
     "last_updated": "2019-10-16T15:30:19.700Z"
    },
    {
     "version_info": "3744764962784351766",
     "cluster": {
      "name": "monitoring-thanos-store-api-pro-cca59ecd1a1078b40bc5372a716acd4_heptio-contour",
      "type": "EDS",
      "eds_cluster_config": {
       "eds_config": {
        "ads": {}
       }
      },
      "connect_timeout": "5s",
      "http2_protocol_options": {},
      "metadata": {}
     },
     "last_updated": "2019-10-16T15:30:19.668Z"
    },
    {
     "version_info": "3744764962784351766",
     "cluster": {
      "name": "monitoring-thanos-store-api-pro-f8bbda3db59acda7dc7f02442714d99_heptio-contour",
      "type": "EDS",
      "eds_cluster_config": {
       "eds_config": {
        "ads": {}
       }
      },
      "connect_timeout": "5s",
      "http2_protocol_options": {},
      "metadata": {}
     },
     "last_updated": "2019-10-16T15:30:19.692Z"
    },
    {
     "version_info": "3744764962784351766",
     "cluster": {
      "name": "monitoring-thanos-store-api-thanos-ruler-thanos-ruler-0-10901_heptio-contour",
      "type": "EDS",
      "eds_cluster_config": {
       "eds_config": {
        "ads": {}
       }
      },
      "connect_timeout": "5s",
      "http2_protocol_options": {},
      "metadata": {}
     },
     "last_updated": "2019-10-16T15:30:19.661Z"
    },
    {
     "version_info": "3744764962784351766",
     "cluster": {
      "name": "monitoring-thanos-store-api-thanos-ruler-thanos-ruler-1-10901_heptio-contour",
      "type": "EDS",
      "eds_cluster_config": {
       "eds_config": {
        "ads": {}
       }
      },
      "connect_timeout": "5s",
      "http2_protocol_options": {},
      "metadata": {}
     },
     "last_updated": "2019-10-16T15:30:19.669Z"
    },
    {
     "version_info": "3744764962784351766",
     "cluster": {
      "name": "opa-opa-443_heptio-contour",
      "type": "EDS",
      "eds_cluster_config": {
       "eds_config": {
        "ads": {}
       }
      },
      "connect_timeout": "5s",
      "metadata": {}
     },
     "last_updated": "2019-10-16T15:30:19.668Z"
    },
    {
     "version_info": "3744764962784351766",
     "cluster": {
      "name": "tracing-jaeger-agent-5775_heptio-contour",
      "type": "EDS",
      "eds_cluster_config": {
       "eds_config": {
        "ads": {}
       }
      },
      "connect_timeout": "5s",
      "metadata": {}
     },
     "last_updated": "2019-10-16T15:30:19.699Z"
    },
    {
     "version_info": "3744764962784351766",
     "cluster": {
      "name": "tracing-jaeger-agent-5778_heptio-contour",
      "type": "EDS",
      "eds_cluster_config": {
       "eds_config": {
        "ads": {}
       }
      },
      "connect_timeout": "5s",
      "metadata": {}
     },
     "last_updated": "2019-10-16T15:30:19.648Z"
    },
    {
     "version_info": "3744764962784351766",
     "cluster": {
      "name": "tracing-jaeger-agent-6831_heptio-contour",
      "type": "EDS",
      "eds_cluster_config": {
       "eds_config": {
        "ads": {}
       }
      },
      "connect_timeout": "5s",
      "metadata": {}
     },
     "last_updated": "2019-10-16T15:30:19.656Z"
    },
    {
     "version_info": "3744764962784351766",
     "cluster": {
      "name": "tracing-jaeger-agent-6832_heptio-contour",
      "type": "EDS",
      "eds_cluster_config": {
       "eds_config": {
        "ads": {}
       }
      },
      "connect_timeout": "5s",
      "metadata": {}
     },
     "last_updated": "2019-10-16T15:30:19.641Z"
    },
    {
     "version_info": "3744764962784351766",
     "cluster": {
      "name": "tracing-jaeger-agent-metrics-14271_heptio-contour",
      "type": "EDS",
      "eds_cluster_config": {
       "eds_config": {
        "ads": {}
       }
      },
      "connect_timeout": "5s",
      "metadata": {}
     },
     "last_updated": "2019-10-16T15:30:19.640Z"
    },
    {
     "version_info": "3744764962784351766",
     "cluster": {
      "name": "tracing-jaeger-agent-metrics-ja-45529adf86cc4a40f3e1dc6282bca1f_heptio-contour",
      "type": "EDS",
      "eds_cluster_config": {
       "eds_config": {
        "ads": {}
       }
      },
      "connect_timeout": "5s",
      "metadata": {}
     },
     "last_updated": "2019-10-16T15:30:19.669Z"
    },
    {
     "version_info": "3744764962784351766",
     "cluster": {
      "name": "tracing-jaeger-collector-14250_heptio-contour",
      "type": "EDS",
      "eds_cluster_config": {
       "eds_config": {
        "ads": {}
       }
      },
      "connect_timeout": "5s",
      "http2_protocol_options": {},
      "metadata": {}
     },
     "last_updated": "2019-10-16T15:30:19.651Z"
    },
    {
     "version_info": "3744764962784351766",
     "cluster": {
      "name": "tracing-jaeger-collector-14267_heptio-contour",
      "type": "EDS",
      "eds_cluster_config": {
       "eds_config": {
        "ads": {}
       }
      },
      "connect_timeout": "5s",
      "metadata": {}
     },
     "last_updated": "2019-10-16T15:30:19.664Z"
    },
    {
     "version_info": "3744764962784351766",
     "cluster": {
      "name": "tracing-jaeger-collector-14268_heptio-contour",
      "type": "EDS",
      "eds_cluster_config": {
       "eds_config": {
        "ads": {}
       }
      },
      "connect_timeout": "5s",
      "metadata": {}
     },
     "last_updated": "2019-10-16T15:30:19.695Z"
    },
    {
     "version_info": "3744764962784351766",
     "cluster": {
      "name": "tracing-jaeger-collector-9411_heptio-contour",
      "type": "EDS",
      "eds_cluster_config": {
       "eds_config": {
        "ads": {}
       }
      },
      "connect_timeout": "5s",
      "metadata": {}
     },
     "last_updated": "2019-10-16T15:30:19.677Z"
    },
    {
     "version_info": "3744764962784351766",
     "cluster": {
      "name": "tracing-jaeger-collector-headless-14250_heptio-contour",
      "type": "EDS",
      "eds_cluster_config": {
       "eds_config": {
        "ads": {}
       }
      },
      "connect_timeout": "5s",
      "http2_protocol_options": {},
      "metadata": {}
     },
     "last_updated": "2019-10-16T15:30:19.677Z"
    },
    {
     "version_info": "3744764962784351766",
     "cluster": {
      "name": "tracing-jaeger-collector-headless-14267_heptio-contour",
      "type": "EDS",
      "eds_cluster_config": {
       "eds_config": {
        "ads": {}
       }
      },
      "connect_timeout": "5s",
      "metadata": {}
     },
     "last_updated": "2019-10-16T15:30:19.694Z"
    },
    {
     "version_info": "3744764962784351766",
     "cluster": {
      "name": "tracing-jaeger-collector-headless-14268_heptio-contour",
      "type": "EDS",
      "eds_cluster_config": {
       "eds_config": {
        "ads": {}
       }
      },
      "connect_timeout": "5s",
      "metadata": {}
     },
     "last_updated": "2019-10-16T15:30:19.678Z"
    },
    {
     "version_info": "3744764962784351766",
     "cluster": {
      "name": "tracing-jaeger-collector-headless-9411_heptio-contour",
      "type": "EDS",
      "eds_cluster_config": {
       "eds_config": {
        "ads": {}
       }
      },
      "connect_timeout": "5s",
      "metadata": {}
     },
     "last_updated": "2019-10-16T15:30:19.642Z"
    },
    {
     "version_info": "3744764962784351766",
     "cluster": {
      "name": "tracing-jaeger-metrics-14269_heptio-contour",
      "type": "EDS",
      "eds_cluster_config": {
       "eds_config": {
        "ads": {}
       }
      },
      "connect_timeout": "5s",
      "metadata": {}
     },
     "last_updated": "2019-10-16T15:30:19.638Z"
    },
    {
     "version_info": "3744764962784351766",
     "cluster": {
      "name": "tracing-jaeger-metrics-jaeger-a-242e9014af9e4939374a595b161cfee_heptio-contour",
      "type": "EDS",
      "eds_cluster_config": {
       "eds_config": {
        "ads": {}
       }
      },
      "connect_timeout": "5s",
      "metadata": {}
     },
     "last_updated": "2019-10-16T15:30:19.705Z"
    },
    {
     "version_info": "3744764962784351766",
     "cluster": {
      "name": "tracing-jaeger-operator-metrics-8383_heptio-contour",
      "type": "EDS",
      "eds_cluster_config": {
       "eds_config": {
        "ads": {}
       }
      },
      "connect_timeout": "5s",
      "metadata": {}
     },
     "last_updated": "2019-10-16T15:30:19.679Z"
    },
    {
     "version_info": "3744764962784351766",
     "cluster": {
      "name": "tracing-jaeger-query-16686_heptio-contour",
      "type": "EDS",
      "eds_cluster_config": {
       "eds_config": {
        "ads": {}
       }
      },
      "connect_timeout": "5s",
      "metadata": {}
     },
     "last_updated": "2019-10-16T15:30:19.670Z"
    },
    {
     "version_info": "3744764962784351766",
     "cluster": {
      "name": "velero-velero-metrics-8085_heptio-contour",
      "type": "EDS",
      "eds_cluster_config": {
       "eds_config": {
        "ads": {}
       }
      },
      "connect_timeout": "5s",
      "metadata": {}
     },
     "last_updated": "2019-10-16T15:30:19.649Z"
    },
    {
     "version_info": "3744764962784351766",
     "cluster": {
      "name": "velero-velero-metrics-velero-8085_heptio-contour",
      "type": "EDS",
      "eds_cluster_config": {
       "eds_config": {
        "ads": {}
       }
      },
      "connect_timeout": "5s",
      "metadata": {}
     },
     "last_updated": "2019-10-16T15:30:19.694Z"
    }
   ]
  },
  {
   "@type": "type.googleapis.com/envoy.admin.v2alpha.ListenersConfigDump",
   "version_info": "16720943052499910677",
   "static_listeners": [
    {
     "listener": {
      "name": "prometheus_listener",
      "address": {
       "socket_address": {
        "address": "0.0.0.0",
        "port_value": 8081
       }
      },
      "filter_chains": [
       {
        "filters": [
         {
          "name": "envoy.http_connection_manager",
          "config": {
           "codec_type": "auto",
           "http_filters": [
            {
             "config": {},
             "name": "envoy.router"
            }
           ],
           "stat_prefix": "prometheus",
           "route_config": {
            "name": "prometheus_route",
            "virtual_hosts": [
             {
              "name": "prometheus_host",
              "routes": [
               {
                "route": {
                 "cluster": "admin_port_cluster"
                },
                "match": {
                 "headers": [
                  {
                   "exact_match": "GET",
                   "name": ":method"
                  }
                 ],
                 "path": "/ready"
                }
               },
               {
                "route": {
                 "prefix_rewrite": "/stats/prometheus",
                 "cluster": "admin_port_cluster"
                },
                "match": {
                 "headers": [
                  {
                   "exact_match": "GET",
                   "name": ":method"
                  }
                 ],
                 "prefix": "/metrics"
                }
               }
              ],
              "domains": [
               "*"
              ]
             }
            ]
           }
          }
         }
        ]
       }
      ]
     },
     "last_updated": "2019-10-16T15:24:41.239Z"
    }
   ],
   "dynamic_active_listeners": [
    {
     "version_info": "16720943052499910677",
     "listener": {
      "name": "listener-::-6000",
      "address": {
       "socket_address": {
        "address": "::",
        "port_value": 6000,
        "ipv4_compat": true
       }
      },
      "filter_chains": [
       {
        "filters": [
         {
          "name": "envoy.http_connection_manager",
          "config": {
           "upgrade_configs": [
            {
             "upgrade_type": "websocket"
            }
           ],
           "http_filters": [
            {
             "name": "envoy.fault"
            },
            {
             "name": "envoy.cors"
            },
            {
             "config": {
              "headers": [
               {
                "exactMatch": "/envoy_health_94eaa5a6ba44fc17d1da432d4a1e2d73",
                "name": ":path"
               }
              ],
              "passThroughMode": false
             },
             "name": "envoy.health_check"
            },
            {
             "name": "io.solo.transformation"
            },
            {
             "name": "envoy.router"
            }
           ],
           "rds": {
            "config_source": {
             "ads": {}
            },
            "route_config_name": "listener-::-6000-routes"
           },
           "normalize_path": true,
           "stat_prefix": "http"
          }
         }
        ]
       }
      ]
     },
     "last_updated": "2019-10-16T15:30:19.707Z"
    }
   ]
  },
  {
   "@type": "type.googleapis.com/envoy.admin.v2alpha.ScopedRoutesConfigDump"
  },
  {
   "@type": "type.googleapis.com/envoy.admin.v2alpha.RoutesConfigDump",
   "static_route_configs": [
    {
     "route_config": {
      "name": "prometheus_route",
      "virtual_hosts": [
       {
        "name": "prometheus_host",
        "domains": [
         "*"
        ],
        "routes": [
         {
          "match": {
           "path": "/ready",
           "headers": [
            {
             "name": ":method",
             "exact_match": "GET"
            }
           ]
          },
          "route": {
           "cluster": "admin_port_cluster"
          }
         },
         {
          "match": {
           "prefix": "/metrics",
           "headers": [
            {
             "name": ":method",
             "exact_match": "GET"
            }
           ]
          },
          "route": {
           "cluster": "admin_port_cluster",
           "prefix_rewrite": "/stats/prometheus"
          }
         }
        ]
       }
      ]
     },
     "last_updated": "2019-10-16T15:24:41.239Z"
    }
   ],
   "dynamic_route_configs": [
    {
     "version_info": "15275132072088530981",
     "route_config": {
      "name": "listener-::-6000-routes",
      "virtual_hosts": [
       {
        "name": "heptio-contour_ping-pong-basic",
        "domains": [
         "ping.pong.basic.service"
        ],
        "routes": [
         {
          "match": {
           "prefix": "/"
          },
          "route": {
           "cluster": "hw-hw-3000_heptio-contour"
          }
         }
        ]
       },
       {
        "name": "heptio-contour_ping-pong-faults",
        "domains": [
         "ping.pong.faults.service"
        ],
        "routes": [
         {
          "match": {
           "prefix": "/"
          },
          "route": {
           "cluster": "hw-hw-3000_heptio-contour",
           "timeout": "0.000000003s"
          },
          "per_filter_config": {
           "envoy.fault": {
            "delay": {
             "fixed_delay": "10s",
             "percentage": {
              "denominator": "MILLION",
              "numerator": 1000000
             }
            }
           }
          }
         }
        ]
       },
       {
        "name": "heptio-contour_ping-pong-second",
        "domains": [
         "ping.pong.second.service"
        ],
        "routes": [
         {
          "match": {
           "prefix": "/"
          },
          "route": {
           "cluster": "hw-hw2-3000_heptio-contour"
          }
         }
        ]
       }
      ]
     },
     "last_updated": "2019-10-18T05:02:07.630Z"
    }
   ]
  },
  {
   "@type": "type.googleapis.com/envoy.admin.v2alpha.SecretsConfigDump"
  }
 ]
}
